<?xml version="1.0" encoding="UTF-8"?>
<Site BuildName="(empty)"
	BuildStamp="20260108-0125-Experimental"
	Name="(empty)"
	Generator="ctest-3.28.0-msvc1"
	CompilerName=""
	CompilerVersion=""
	OSName="Windows"
	Hostname="LAPTOP-S9CLOMQ9"
	OSRelease=" Personal"
	OSVersion=" (Build 26100)"
	OSPlatform="AMD64"
	Is64Bits="1"
	VendorString="AuthenticAMD"
	VendorID="Advanced Micro Devices"
	FamilyID="15"
	ModelID="0"
	ProcessorCacheSize="64"
	NumberOfLogicalCPU="8"
	NumberOfPhysicalCPU="8"
	TotalVirtualMemory="22342"
	TotalPhysicalMemory="7599"
	LogicalProcessorsPerPhysical="1"
	ProcessorClockFrequency="1996"
	>
	<Testing>
		<StartDateTime>Jan 08 10:25 [NON-UTF-8-BYTE-0x93][NON-UTF-8-BYTE-0x8C][NON-UTF-8-BYTE-0x8B][NON-UTF-8-BYTE-0x9E] ([NON-UTF-8-BYTE-0x95]W[NON-UTF-8-BYTE-0x8F][NON-UTF-8-BYTE-0x80][NON-UTF-8-BYTE-0x8E][NON-UTF-8-BYTE-0x9E])</StartDateTime>
		<StartTestTime>1767835504</StartTestTime>
		<TestList/>
		<EndDateTime>Jan 08 10:25 [NON-UTF-8-BYTE-0x93][NON-UTF-8-BYTE-0x8C][NON-UTF-8-BYTE-0x8B][NON-UTF-8-BYTE-0x9E] ([NON-UTF-8-BYTE-0x95]W[NON-UTF-8-BYTE-0x8F][NON-UTF-8-BYTE-0x80][NON-UTF-8-BYTE-0x8E][NON-UTF-8-BYTE-0x9E])</EndDateTime>
		<EndTestTime>1767835504</EndTestTime>
		<ElapsedMinutes>0</ElapsedMinutes>
	</Testing>
</Site>
